#
# A fatal error has been detected by the Java Runtime Environment:
#
#  EXCEPTION_ACCESS_VIOLATION (0xc0000005) at pc=0xfffffffffbf60930, pid=2516, tid=0x0000000000002058
#
# JRE version: Java(TM) SE Runtime Environment (8.0_131-b11) (build 1.8.0_131-b11)
# Java VM: Java HotSpot(TM) 64-Bit Server VM (25.131-b11 mixed mode windows-amd64 compressed oops)
# Problematic frame:
# C  0xfffffffffbf60930
#
# Failed to write core dump. Minidumps are not enabled by default on client versions of Windows
#
# If you would like to submit a bug report, please visit:
#   http://bugreport.java.com/bugreport/crash.jsp
#

---------------  T H R E A D  ---------------

Current thread (0x0000000058a21000):  JavaThread "C2 CompilerThread1" daemon [_thread_in_native, id=8280, stack(0x00000000592a0000,0x00000000593a0000)]

siginfo: ExceptionCode=0xc0000005, ExceptionInformation=0x0000000000000008 0xfffffffffbf60930

Registers:
RAX=0x000000005d08acc0, RBX=0x0000000000000019, RCX=0x000000005a879360, RDX=0x00000000ffffffff
RSP=0x000000005939c428, RBP=0x000000005939c530, RSI=0x000000005939ca00, RDI=0x00000000000024d8
R8 =0x0000000020000000, R9 =0x0000000060209a20, R10=0x0000000000000027, R11=0x000000005939c400
R12=0x0000000000000002, R13=0x000000005fc648b0, R14=0x000000005a879360, R15=0x0000000000000000
RIP=0xfffffffffbf60930, EFLAGS=0x0000000000010206

Top of Stack: (sp=0x000000005939c428)
0x000000005939c428:   00000000709de4c4 0000000000101ef0
0x000000005939c438:   00000000000e7cb0 000000005939c530
0x000000005939c448:   000000005f18a018 0000001800000000
0x000000005939c458:   0000000000000029 000000005a879360
0x000000005939c468:   000024d800000000 0000035300000028
0x000000005939c478:   0000000000000017 0000000005155455
0x000000005939c488:   0000000000000000 0000000000000000
0x000000005939c498:   0000000000000000 0000000000000000
0x000000005939c4a8:   0000000500000000 0303030300000008
0x000000005939c4b8:   0000000060209b60 0000000000000036
0x000000005939c4c8:   000000006020a010 0000000000000036
0x000000005939c4d8:   000000005939c580 0000000000000019
0x000000005939c4e8:   000000000000009d ffffffff3f3fffff
0x000000005939c4f8:   ffffffffffffffff 00000003ffffffff
0x000000005939c508:   0000000000000000 0000000000000000
0x000000005939c518:   0000000000000353 0000000000000000 

Instructions: (pc=0xfffffffffbf60930)
0xfffffffffbf60910:   
[error occurred during error reporting (printing registers, top of stack, instructions near pc), id 0xc0000005]

Register to memory mapping:

RAX=0x000000005d08acc0 is an unknown value
RBX=0x0000000000000019 is an unknown value
RCX=0x000000005a879360 is an unknown value
RDX=0x00000000ffffffff is an unallocated location in the heap
RSP=0x000000005939c428 is pointing into the stack for thread: 0x0000000058a21000
RBP=0x000000005939c530 is pointing into the stack for thread: 0x0000000058a21000
RSI=0x000000005939ca00 is pointing into the stack for thread: 0x0000000058a21000
RDI=0x00000000000024d8 is an unknown value
R8 =0x0000000020000000 is an unknown value
R9 =0x0000000060209a20 is an unknown value
R10=0x0000000000000027 is an unknown value
R11=0x000000005939c400 is pointing into the stack for thread: 0x0000000058a21000
R12=0x0000000000000002 is an unknown value
R13=0x000000005fc648b0 is an unknown value
R14=0x000000005a879360 is an unknown value
R15=0x0000000000000000 is an unknown value


Stack: [0x00000000592a0000,0x00000000593a0000],  sp=0x000000005939c428,  free space=1009k
Native frames: (J=compiled Java code, j=interpreted, Vv=VM code, C=native code)
C  0xfffffffffbf60930


Current CompileTask:
C2:   4224 3027       4       com.sun.beans.TypeResolver::resolve (37 bytes)


---------------  P R O C E S S  ---------------

Java Threads: ( => current thread )
  0x000000005cf4f000 JavaThread "container-0" [_thread_blocked, id=6256, stack(0x0000000060cc0000,0x0000000060dc0000)]
  0x000000005fbf6800 JavaThread "ContainerBackgroundProcessor[StandardEngine[Tomcat]]" daemon [_thread_blocked, id=5648, stack(0x000000005f310000,0x000000005f410000)]
  0x000000005d08a000 JavaThread "localhost-startStop-1" daemon [_thread_blocked, id=8168, stack(0x0000000060710000,0x0000000060810000)]
  0x000000005cf0d800 JavaThread "Tomcat-startStop-1" daemon [_thread_blocked, id=1248, stack(0x0000000060560000,0x0000000060660000)]
  0x000000005a41b800 JavaThread "RMI TCP Accept-0" daemon [_thread_in_native, id=8848, stack(0x000000005ac80000,0x000000005ad80000)]
  0x000000005a40f000 JavaThread "RMI TCP Accept-64356" daemon [_thread_in_native, id=8864, stack(0x000000005aa80000,0x000000005ab80000)]
  0x000000005a3ad800 JavaThread "RMI TCP Accept-0" daemon [_thread_in_native, id=4436, stack(0x000000005a890000,0x000000005a990000)]
  0x0000000058a7c000 JavaThread "Service Thread" daemon [_thread_blocked, id=2352, stack(0x0000000059f80000,0x000000005a080000)]
  0x0000000058a7b800 JavaThread "C1 CompilerThread2" daemon [_thread_blocked, id=8360, stack(0x0000000059df0000,0x0000000059ef0000)]
=>0x0000000058a21000 JavaThread "C2 CompilerThread1" daemon [_thread_in_native, id=8280, stack(0x00000000592a0000,0x00000000593a0000)]
  0x0000000058a1f000 JavaThread "C2 CompilerThread0" daemon [_thread_in_native, id=6252, stack(0x0000000059cf0000,0x0000000059df0000)]
  0x0000000058a0a000 JavaThread "JDWP Command Reader" daemon [_thread_in_native, id=7088, stack(0x0000000059500000,0x0000000059600000)]
  0x0000000058a07000 JavaThread "JDWP Event Helper Thread" daemon [_thread_blocked, id=5388, stack(0x0000000059b90000,0x0000000059c90000)]
  0x00000000589f9800 JavaThread "JDWP Transport Listener: dt_socket" daemon [_thread_blocked, id=3424, stack(0x0000000059a50000,0x0000000059b50000)]
  0x000000005763f000 JavaThread "Attach Listener" daemon [_thread_blocked, id=8300, stack(0x0000000058f90000,0x0000000059090000)]
  0x000000005763e000 JavaThread "Signal Dispatcher" daemon [_thread_blocked, id=6648, stack(0x0000000058e60000,0x0000000058f60000)]
  0x0000000057621800 JavaThread "Finalizer" daemon [_thread_blocked, id=9188, stack(0x0000000058790000,0x0000000058890000)]
  0x00000000575da800 JavaThread "Reference Handler" daemon [_thread_blocked, id=3964, stack(0x00000000588f0000,0x00000000589f0000)]
  0x000000000228b800 JavaThread "main" [_thread_in_vm, id=9184, stack(0x00000000023d0000,0x00000000024d0000)]

Other Threads:
  0x00000000575ce800 VMThread [stack: 0x0000000058620000,0x0000000058720000] [id=9024]
  0x000000005a41d800 WatcherThread [stack: 0x000000005ae50000,0x000000005af50000] [id=2592]

VM state:not at safepoint (normal execution)

VM Mutex/Monitor currently owned by a thread: None

Heap:
 PSYoungGen      total 85504K, used 42876K [0x00000000d5e00000, 0x00000000dd380000, 0x0000000100000000)
  eden space 73216K, 45% used [0x00000000d5e00000,0x00000000d7e50150,0x00000000da580000)
  from space 12288K, 79% used [0x00000000db280000,0x00000000dbc0f240,0x00000000dbe80000)
  to   space 13312K, 0% used [0x00000000da580000,0x00000000da580000,0x00000000db280000)
 ParOldGen       total 67072K, used 11336K [0x0000000081a00000, 0x0000000085b80000, 0x00000000d5e00000)
  object space 67072K, 16% used [0x0000000081a00000,0x0000000082512230,0x0000000085b80000)
 Metaspace       used 29751K, capacity 30104K, committed 30464K, reserved 1075200K
  class space    used 3658K, capacity 3779K, committed 3840K, reserved 1048576K

Card table byte_map: [0x0000000011c70000,0x0000000012070000] byte_map_base: 0x0000000011863000

Marking Bits: (ParMarkBitMap*) 0x0000000070d5c720
 Begin Bits: [0x0000000012910000, 0x00000000148a8000)
 End Bits:   [0x00000000148a8000, 0x0000000016840000)

Polling page: 0x0000000000340000

CodeCache: size=245760Kb used=11818Kb max_used=11837Kb free=233941Kb
 bounds [0x00000000028b0000, 0x0000000003450000, 0x00000000118b0000]
 total_blobs=3476 nmethods=3084 adapters=312
 compilation: enabled

Compilation events (10 events):
Event: 4.188 Thread 0x0000000058a7b800 3091       3       sun.reflect.generics.reflectiveObjects.ParameterizedTypeImpl::equals (81 bytes)
Event: 4.189 Thread 0x0000000058a7b800 nmethod 3091 0x0000000003433a50 code [0x0000000003433c40, 0x00000000034347e8]
Event: 4.197 Thread 0x0000000058a7b800 3093       3       org.springframework.core.ResolvableType::forClass (9 bytes)
Event: 4.197 Thread 0x0000000058a7b800 nmethod 3093 0x000000000343c190 code [0x000000000343c300, 0x000000000343c4c8]
Event: 4.200 Thread 0x0000000058a1f000 nmethod 3037 0x000000000343c590 code [0x000000000343caa0, 0x0000000003441358]
Event: 4.200 Thread 0x0000000058a1f000 3053       4       java.net.URLStreamHandler::parseURL (1193 bytes)
Event: 4.203 Thread 0x0000000058a7b800 3094       3       sun.reflect.generics.parser.SignatureParser::parseZeroOrMoreThrowsSignatures (51 bytes)
Event: 4.203 Thread 0x0000000058a7b800 nmethod 3094 0x000000000343b110 code [0x000000000343b300, 0x000000000343bd48]
Event: 4.207 Thread 0x0000000058a7b800 3095       3       java.util.Collections$SingletonList::iterator (8 bytes)
Event: 4.208 Thread 0x0000000058a7b800 nmethod 3095 0x000000000343ab90 code [0x000000000343ad00, 0x000000000343afd0]

GC Heap History (10 events):
Event: 1.777 GC heap before
{Heap before GC invocations=3 (full 0):
 PSYoungGen      total 38400K, used 36344K [0x00000000d5e00000, 0x00000000da900000, 0x0000000100000000)
  eden space 33280K, 93% used [0x00000000d5e00000,0x00000000d7c80ea0,0x00000000d7e80000)
  from space 5120K, 99% used [0x00000000d8380000,0x00000000d887d4f0,0x00000000d8880000)
  to   space 5120K, 0% used [0x00000000d7e80000,0x00000000d7e80000,0x00000000d8380000)
 ParOldGen       total 87552K, used 6001K [0x0000000081a00000, 0x0000000086f80000, 0x00000000d5e00000)
  object space 87552K, 6% used [0x0000000081a00000,0x0000000081fdc730,0x0000000086f80000)
 Metaspace       used 20915K, capacity 21182K, committed 21296K, reserved 1069056K
  class space    used 2548K, capacity 2660K, committed 2688K, reserved 1048576K
Event: 1.793 GC heap after
Heap after GC invocations=3 (full 0):
 PSYoungGen      total 38400K, used 5120K [0x00000000d5e00000, 0x00000000da900000, 0x0000000100000000)
  eden space 33280K, 0% used [0x00000000d5e00000,0x00000000d5e00000,0x00000000d7e80000)
  from space 5120K, 100% used [0x00000000d7e80000,0x00000000d8380000,0x00000000d8380000)
  to   space 5120K, 0% used [0x00000000da400000,0x00000000da400000,0x00000000da900000)
 ParOldGen       total 87552K, used 9920K [0x0000000081a00000, 0x0000000086f80000, 0x00000000d5e00000)
  object space 87552K, 11% used [0x0000000081a00000,0x00000000823b0008,0x0000000086f80000)
 Metaspace       used 20915K, capacity 21182K, committed 21296K, reserved 1069056K
  class space    used 2548K, capacity 2660K, committed 2688K, reserved 1048576K
}
Event: 1.793 GC heap before
{Heap before GC invocations=4 (full 1):
 PSYoungGen      total 38400K, used 5120K [0x00000000d5e00000, 0x00000000da900000, 0x0000000100000000)
  eden space 33280K, 0% used [0x00000000d5e00000,0x00000000d5e00000,0x00000000d7e80000)
  from space 5120K, 100% used [0x00000000d7e80000,0x00000000d8380000,0x00000000d8380000)
  to   space 5120K, 0% used [0x00000000da400000,0x00000000da400000,0x00000000da900000)
 ParOldGen       total 87552K, used 9920K [0x0000000081a00000, 0x0000000086f80000, 0x00000000d5e00000)
  object space 87552K, 11% used [0x0000000081a00000,0x00000000823b0008,0x0000000086f80000)
 Metaspace       used 20915K, capacity 21182K, committed 21296K, reserved 1069056K
  class space    used 2548K, capacity 2660K, committed 2688K, reserved 1048576K
Event: 1.826 GC heap after
Heap after GC invocations=4 (full 1):
 PSYoungGen      total 38400K, used 0K [0x00000000d5e00000, 0x00000000da900000, 0x0000000100000000)
  eden space 33280K, 0% used [0x00000000d5e00000,0x00000000d5e00000,0x00000000d7e80000)
  from space 5120K, 0% used [0x00000000d7e80000,0x00000000d7e80000,0x00000000d8380000)
  to   space 5120K, 0% used [0x00000000da400000,0x00000000da400000,0x00000000da900000)
 ParOldGen       total 67072K, used 10727K [0x0000000081a00000, 0x0000000085b80000, 0x00000000d5e00000)
  object space 67072K, 15% used [0x0000000081a00000,0x0000000082479f90,0x0000000085b80000)
 Metaspace       used 20915K, capacity 21182K, committed 21296K, reserved 1069056K
  class space    used 2548K, capacity 2660K, committed 2688K, reserved 1048576K
}
Event: 2.194 GC heap before
{Heap before GC invocations=5 (full 1):
 PSYoungGen      total 38400K, used 33280K [0x00000000d5e00000, 0x00000000da900000, 0x0000000100000000)
  eden space 33280K, 100% used [0x00000000d5e00000,0x00000000d7e80000,0x00000000d7e80000)
  from space 5120K, 0% used [0x00000000d7e80000,0x00000000d7e80000,0x00000000d8380000)
  to   space 5120K, 0% used [0x00000000da400000,0x00000000da400000,0x00000000da900000)
 ParOldGen       total 67072K, used 10727K [0x0000000081a00000, 0x0000000085b80000, 0x00000000d5e00000)
  object space 67072K, 15% used [0x0000000081a00000,0x0000000082479f90,0x0000000085b80000)
 Metaspace       used 22049K, capacity 22302K, committed 22448K, reserved 1069056K
  class space    used 2698K, capacity 2772K, committed 2816K, reserved 1048576K
Event: 2.199 GC heap after
Heap after GC invocations=5 (full 1):
 PSYoungGen      total 52736K, used 2468K [0x00000000d5e00000, 0x00000000da680000, 0x0000000100000000)
  eden space 50176K, 0% used [0x00000000d5e00000,0x00000000d5e00000,0x00000000d8f00000)
  from space 2560K, 96% used [0x00000000da400000,0x00000000da669310,0x00000000da680000)
  to   space 5120K, 0% used [0x00000000d9c80000,0x00000000d9c80000,0x00000000da180000)
 ParOldGen       total 67072K, used 10735K [0x0000000081a00000, 0x0000000085b80000, 0x00000000d5e00000)
  object space 67072K, 16% used [0x0000000081a00000,0x000000008247bf90,0x0000000085b80000)
 Metaspace       used 22049K, capacity 22302K, committed 22448K, reserved 1069056K
  class space    used 2698K, capacity 2772K, committed 2816K, reserved 1048576K
}
Event: 2.850 GC heap before
{Heap before GC invocations=6 (full 1):
 PSYoungGen      total 52736K, used 52644K [0x00000000d5e00000, 0x00000000da680000, 0x0000000100000000)
  eden space 50176K, 100% used [0x00000000d5e00000,0x00000000d8f00000,0x00000000d8f00000)
  from space 2560K, 96% used [0x00000000da400000,0x00000000da669310,0x00000000da680000)
  to   space 5120K, 0% used [0x00000000d9c80000,0x00000000d9c80000,0x00000000da180000)
 ParOldGen       total 67072K, used 10735K [0x0000000081a00000, 0x0000000085b80000, 0x00000000d5e00000)
  object space 67072K, 16% used [0x0000000081a00000,0x000000008247bf90,0x0000000085b80000)
 Metaspace       used 25361K, capacity 25660K, committed 25856K, reserved 1071104K
  class space    used 3116K, capacity 3225K, committed 3328K, reserved 1048576K
Event: 2.858 GC heap after
Heap after GC invocations=6 (full 1):
 PSYoungGen      total 69120K, used 5110K [0x00000000d5e00000, 0x00000000dbe80000, 0x0000000100000000)
  eden space 64000K, 0% used [0x00000000d5e00000,0x00000000d5e00000,0x00000000d9c80000)
  from space 5120K, 99% used [0x00000000d9c80000,0x00000000da17db58,0x00000000da180000)
  to   space 12288K, 0% used [0x00000000db280000,0x00000000db280000,0x00000000dbe80000)
 ParOldGen       total 67072K, used 11328K [0x0000000081a00000, 0x0000000085b80000, 0x00000000d5e00000)
  object space 67072K, 16% used [0x0000000081a00000,0x0000000082510230,0x0000000085b80000)
 Metaspace       used 25361K, capacity 25660K, committed 25856K, reserved 1071104K
  class space    used 3116K, capacity 3225K, committed 3328K, reserved 1048576K
}
Event: 3.857 GC heap before
{Heap before GC invocations=7 (full 1):
 PSYoungGen      total 69120K, used 69110K [0x00000000d5e00000, 0x00000000dbe80000, 0x0000000100000000)
  eden space 64000K, 100% used [0x00000000d5e00000,0x00000000d9c80000,0x00000000d9c80000)
  from space 5120K, 99% used [0x00000000d9c80000,0x00000000da17db58,0x00000000da180000)
  to   space 12288K, 0% used [0x00000000db280000,0x00000000db280000,0x00000000dbe80000)
 ParOldGen       total 67072K, used 11328K [0x0000000081a00000, 0x0000000085b80000, 0x00000000d5e00000)
  object space 67072K, 16% used [0x0000000081a00000,0x0000000082510230,0x0000000085b80000)
 Metaspace       used 28844K, capacity 29170K, committed 29568K, reserved 1075200K
  class space    used 3525K, capacity 3618K, committed 3712K, reserved 1048576K
Event: 3.870 GC heap after
Heap after GC invocations=7 (full 1):
 PSYoungGen      total 85504K, used 9788K [0x00000000d5e00000, 0x00000000dd380000, 0x0000000100000000)
  eden space 73216K, 0% used [0x00000000d5e00000,0x00000000d5e00000,0x00000000da580000)
  from space 12288K, 79% used [0x00000000db280000,0x00000000dbc0f240,0x00000000dbe80000)
  to   space 13312K, 0% used [0x00000000da580000,0x00000000da580000,0x00000000db280000)
 ParOldGen       total 67072K, used 11336K [0x0000000081a00000, 0x0000000085b80000, 0x00000000d5e00000)
  object space 67072K, 16% used [0x0000000081a00000,0x0000000082512230,0x0000000085b80000)
 Metaspace       used 28844K, capacity 29170K, committed 29568K, reserved 1075200K
  class space    used 3525K, capacity 3618K, committed 3712K, reserved 1048576K
}

Deoptimization events (10 events):
Event: 4.206 Thread 0x000000000228b800 Uncommon trap: reason=unhandled action=none pc=0x00000000033a143c method=java.net.URLClassLoader.findClass(Ljava/lang/String;)Ljava/lang/Class; @ 44
Event: 4.206 Thread 0x000000000228b800 Uncommon trap: reason=unhandled action=none pc=0x000000000340e020 method=java.net.URLClassLoader.findClass(Ljava/lang/String;)Ljava/lang/Class; @ 44
Event: 4.206 Thread 0x000000000228b800 Uncommon trap: reason=unhandled action=none pc=0x00000000033a143c method=java.net.URLClassLoader.findClass(Ljava/lang/String;)Ljava/lang/Class; @ 44
Event: 4.206 Thread 0x000000000228b800 Uncommon trap: reason=unhandled action=none pc=0x000000000340e020 method=java.net.URLClassLoader.findClass(Ljava/lang/String;)Ljava/lang/Class; @ 44
Event: 4.206 Thread 0x000000000228b800 Uncommon trap: reason=unhandled action=none pc=0x00000000033a143c method=java.net.URLClassLoader.findClass(Ljava/lang/String;)Ljava/lang/Class; @ 44
Event: 4.206 Thread 0x000000000228b800 Uncommon trap: reason=unhandled action=none pc=0x000000000340e020 method=java.net.URLClassLoader.findClass(Ljava/lang/String;)Ljava/lang/Class; @ 44
Event: 4.207 Thread 0x000000000228b800 Uncommon trap: reason=unhandled action=none pc=0x00000000033a143c method=java.net.URLClassLoader.findClass(Ljava/lang/String;)Ljava/lang/Class; @ 44
Event: 4.208 Thread 0x000000000228b800 Uncommon trap: reason=unhandled action=none pc=0x000000000340e020 method=java.net.URLClassLoader.findClass(Ljava/lang/String;)Ljava/lang/Class; @ 44
Event: 4.208 Thread 0x000000000228b800 Uncommon trap: reason=unhandled action=none pc=0x000000000340e020 method=java.net.URLClassLoader.findClass(Ljava/lang/String;)Ljava/lang/Class; @ 44
Event: 4.209 Thread 0x000000000228b800 Uncommon trap: reason=unhandled action=none pc=0x000000000340e020 method=java.net.URLClassLoader.findClass(Ljava/lang/String;)Ljava/lang/Class; @ 44

Internal exceptions (10 events):
Event: 4.203 Thread 0x000000000228b800 Exception <a 'java/lang/ArrayIndexOutOfBoundsException': 64> (0x00000000d7b7d9e8) thrown at [C:\re\workspace\8-2-build-windows-amd64-cygwin\jdk8u131\8869\hotspot\src\share\vm\interpreter\interpreterRuntime.cpp, line 366]
Event: 4.203 Thread 0x000000000228b800 Exception <a 'java/lang/ArrayIndexOutOfBoundsException': 44> (0x00000000d7b7f998) thrown at [C:\re\workspace\8-2-build-windows-amd64-cygwin\jdk8u131\8869\hotspot\src\share\vm\interpreter\interpreterRuntime.cpp, line 366]
Event: 4.204 Thread 0x000000000228b800 Exception <a 'java/lang/ClassNotFoundException': org/springframework/format/support/DefaultFormattingConversionServiceCustomizer> (0x00000000d7b97538) thrown at [C:\re\workspace\8-2-build-windows-amd64-cygwin\jdk8u131\8869\hotspot\src\share\vm\classfile\s
Event: 4.205 Thread 0x000000000228b800 Exception <a 'java/lang/ClassNotFoundException': org/springframework/format/FormatterRegistryCustomizer> (0x00000000d7bad290) thrown at [C:\re\workspace\8-2-build-windows-amd64-cygwin\jdk8u131\8869\hotspot\src\share\vm\classfile\systemDictionary.cpp, line
Event: 4.205 Thread 0x000000000228b800 Exception <a 'java/lang/ArrayIndexOutOfBoundsException': 94> (0x00000000d7bae930) thrown at [C:\re\workspace\8-2-build-windows-amd64-cygwin\jdk8u131\8869\hotspot\src\share\vm\interpreter\interpreterRuntime.cpp, line 366]
Event: 4.205 Thread 0x000000000228b800 Exception <a 'java/lang/ArrayIndexOutOfBoundsException': 100> (0x00000000d7bb10b8) thrown at [C:\re\workspace\8-2-build-windows-amd64-cygwin\jdk8u131\8869\hotspot\src\share\vm\interpreter\interpreterRuntime.cpp, line 366]
Event: 4.205 Thread 0x000000000228b800 Exception <a 'java/lang/ArrayIndexOutOfBoundsException': 64> (0x00000000d7bb3758) thrown at [C:\re\workspace\8-2-build-windows-amd64-cygwin\jdk8u131\8869\hotspot\src\share\vm\interpreter\interpreterRuntime.cpp, line 366]
Event: 4.205 Thread 0x000000000228b800 Exception <a 'java/lang/ArrayIndexOutOfBoundsException': 44> (0x00000000d7bb5738) thrown at [C:\re\workspace\8-2-build-windows-amd64-cygwin\jdk8u131\8869\hotspot\src\share\vm\interpreter\interpreterRuntime.cpp, line 366]
Event: 4.206 Thread 0x000000000228b800 Exception <a 'java/lang/ClassNotFoundException': org/springframework/context/EmbeddedValueResolverAwareCustomizer> (0x00000000d7bc9098) thrown at [C:\re\workspace\8-2-build-windows-amd64-cygwin\jdk8u131\8869\hotspot\src\share\vm\classfile\systemDictionary
Event: 4.207 Thread 0x000000000228b800 Exception <a 'java/lang/ClassNotFoundException': org/springframework/core/convert/support/ConfigurableConversionServiceCustomizer> (0x00000000d7be0348) thrown at [C:\re\workspace\8-2-build-windows-amd64-cygwin\jdk8u131\8869\hotspot\src\share\vm\classfile\

Events (10 events):
Event: 4.208 loading class org/springframework/boot/autoconfigure/web/WebMvcAutoConfiguration$DelegatingWebMvcValidator
Event: 4.208 loading class org/springframework/boot/autoconfigure/web/WebMvcAutoConfiguration$DelegatingWebMvcValidator done
Event: 4.208 Thread 0x000000000228b800 Uncommon trap: trap_request=0xffffffa7 fr.pc=0x000000000340e020
Event: 4.208 Thread 0x000000000228b800 DEOPT PACKING pc=0x000000000340e020 sp=0x00000000024cb9f0
Event: 4.208 Thread 0x000000000228b800 DEOPT UNPACKING pc=0x00000000028f582a sp=0x00000000024cb8e8 mode 2
Event: 4.209 loading class org/springframework/boot/autoconfigure/validation/DelegatingValidator
Event: 4.209 loading class org/springframework/boot/autoconfigure/validation/DelegatingValidator done
Event: 4.209 Thread 0x000000000228b800 Uncommon trap: trap_request=0xffffffa7 fr.pc=0x000000000340e020
Event: 4.209 Thread 0x000000000228b800 DEOPT PACKING pc=0x000000000340e020 sp=0x00000000024c95b0
Event: 4.209 Thread 0x000000000228b800 DEOPT UNPACKING pc=0x00000000028f582a sp=0x00000000024c94a8 mode 2


Dynamic libraries:
0x000000013f5a0000 - 0x000000013f5d7000 	C:\Program Files\Java\jdk1.8.0_131\bin\javaw.exe
0x00000000770a0000 - 0x000000007724a000 	C:\Windows\SYSTEM32\ntdll.dll
0x0000000076f80000 - 0x000000007709f000 	C:\Windows\system32\kernel32.dll
0x000007fefce70000 - 0x000007fefceda000 	C:\Windows\system32\KERNELBASE.dll
0x0000000074a80000 - 0x0000000074b09000 	C:\Windows\System32\SYSFER.DLL
0x000007fefd480000 - 0x000007fefd55b000 	C:\Windows\system32\ADVAPI32.dll
0x000007fefe950000 - 0x000007fefe9ef000 	C:\Windows\system32\msvcrt.dll
0x000007feff310000 - 0x000007feff32f000 	C:\Windows\SYSTEM32\sechost.dll
0x000007fefede0000 - 0x000007fefef0d000 	C:\Windows\system32\RPCRT4.dll
0x0000000076e80000 - 0x0000000076f7a000 	C:\Windows\system32\USER32.dll
0x000007fefea40000 - 0x000007fefeaa7000 	C:\Windows\system32\GDI32.dll
0x000007fefed30000 - 0x000007fefed3e000 	C:\Windows\system32\LPK.dll
0x000007fefef10000 - 0x000007fefefda000 	C:\Windows\system32\USP10.dll
0x000007fefb7a0000 - 0x000007fefb994000 	C:\Windows\WinSxS\amd64_microsoft.windows.common-controls_6595b64144ccf1df_6.0.7601.18837_none_fa3b1e3d17594757\COMCTL32.dll
0x000007feff330000 - 0x000007feff3a1000 	C:\Windows\system32\SHLWAPI.dll
0x000007fefd160000 - 0x000007fefd18e000 	C:\Windows\system32\IMM32.DLL
0x000007fefe840000 - 0x000007fefe949000 	C:\Windows\system32\MSCTF.dll
0x0000000078b50000 - 0x0000000078c22000 	C:\Program Files\Java\jdk1.8.0_131\jre\bin\msvcr100.dll
0x0000000070540000 - 0x0000000070ddc000 	C:\Program Files\Java\jdk1.8.0_131\jre\bin\server\jvm.dll
0x000007fef7ad0000 - 0x000007fef7ad9000 	C:\Windows\system32\WSOCK32.dll
0x000007fefe9f0000 - 0x000007fefea3d000 	C:\Windows\system32\WS2_32.dll
0x000007fefd5e0000 - 0x000007fefd5e8000 	C:\Windows\system32\NSI.dll
0x000007fefaab0000 - 0x000007fefaaeb000 	C:\Windows\system32\WINMM.dll
0x000007fefbe60000 - 0x000007fefbe6c000 	C:\Windows\system32\VERSION.dll
0x0000000077270000 - 0x0000000077277000 	C:\Windows\system32\PSAPI.DLL
0x000000006ea20000 - 0x000000006ea2f000 	C:\Program Files\Java\jdk1.8.0_131\jre\bin\verify.dll
0x000000006d2c0000 - 0x000000006d2e9000 	C:\Program Files\Java\jdk1.8.0_131\jre\bin\java.dll
0x000000006c940000 - 0x000000006c975000 	C:\Program Files\Java\jdk1.8.0_131\jre\bin\jdwp.dll
0x000000006e950000 - 0x000000006e958000 	C:\Program Files\Java\jdk1.8.0_131\jre\bin\npt.dll
0x0000000070f90000 - 0x0000000070fa6000 	C:\Program Files\Java\jdk1.8.0_131\jre\bin\zip.dll
0x000007fefd5f0000 - 0x000007fefe37a000 	C:\Windows\system32\SHELL32.dll
0x000007fefd190000 - 0x000007fefd393000 	C:\Windows\system32\ole32.dll
0x000007fefcd90000 - 0x000007fefcd9f000 	C:\Windows\system32\profapi.dll
0x0000000072ad0000 - 0x0000000072ad9000 	C:\Program Files\Java\jdk1.8.0_131\jre\bin\dt_socket.dll
0x000007fefa800000 - 0x000007fefa815000 	C:\Windows\system32\NLAapi.dll
0x000007fef2840000 - 0x000007fef2855000 	C:\Windows\system32\napinsp.dll
0x000007fef2820000 - 0x000007fef2839000 	C:\Windows\system32\pnrpnsp.dll
0x000007fefc560000 - 0x000007fefc5b5000 	C:\Windows\System32\mswsock.dll
0x000007fefc3e0000 - 0x000007fefc43b000 	C:\Windows\system32\DNSAPI.dll
0x000007fef2810000 - 0x000007fef281b000 	C:\Windows\System32\winrnr.dll
0x000007fef2800000 - 0x000007fef2810000 	C:\Windows\system32\wshbth.dll
0x000007fefa630000 - 0x000007fefa657000 	C:\Windows\system32\IPHLPAPI.DLL
0x000007fefa620000 - 0x000007fefa62b000 	C:\Windows\system32\WINNSI.DLL
0x000007fef9fc0000 - 0x000007fefa013000 	C:\Windows\System32\fwpuclnt.dll
0x000007fef3710000 - 0x000007fef3718000 	C:\Windows\system32\rasadhlp.dll
0x000007fefbf30000 - 0x000007fefbf37000 	C:\Windows\System32\wshtcpip.dll
0x000000006d0f0000 - 0x000000006d0fd000 	C:\Program Files\Java\jdk1.8.0_131\jre\bin\management.dll
0x000000006fa70000 - 0x000000006fa8a000 	C:\Program Files\Java\jdk1.8.0_131\jre\bin\net.dll
0x000007fefc550000 - 0x000007fefc557000 	C:\Windows\System32\wship6.dll
0x0000000070110000 - 0x0000000070121000 	C:\Program Files\Java\jdk1.8.0_131\jre\bin\nio.dll
0x000007fefc5c0000 - 0x000007fefc5d8000 	C:\Windows\system32\CRYPTSP.dll
0x000007fefc2c0000 - 0x000007fefc307000 	C:\Windows\system32\rsaenh.dll
0x000007fefd060000 - 0x000007fefd07e000 	C:\Windows\system32\USERENV.dll
0x000007fefcbc0000 - 0x000007fefcbcf000 	C:\Windows\system32\CRYPTBASE.dll
0x000007fef9f40000 - 0x000007fef9f58000 	C:\Windows\system32\dhcpcsvc.DLL
0x000007fef9f00000 - 0x000007fef9f11000 	C:\Windows\system32\dhcpcsvc6.DLL
0x000007fef8da0000 - 0x000007fef8ec5000 	C:\Windows\system32\dbghelp.dll

VM Arguments:
jvm_args: -agentlib:jdwp=transport=dt_socket,suspend=y,address=localhost:64357 -Dcom.sun.management.jmxremote -Dcom.sun.management.jmxremote.port=64356 -Dcom.sun.management.jmxremote.authenticate=false -Dcom.sun.management.jmxremote.ssl=false -Djava.rmi.server.hostname=localhost -Dspring.liveBeansView.mbeanDomain -Dspring.application.admin.enabled=true -Dfile.encoding=UTF-8 
java_command: com.nbcu.MonitorApplication --spring.output.ansi.enabled=always
java_class_path (initial): C:\NBCOPT\POCs\pcf\target\classes;C:\Users\206529964\.m2\repository\org\springframework\boot\spring-boot-starter-web\1.5.3.RELEASE\spring-boot-starter-web-1.5.3.RELEASE.jar;C:\Users\206529964\.m2\repository\org\springframework\boot\spring-boot-starter\1.5.3.RELEASE\spring-boot-starter-1.5.3.RELEASE.jar;C:\Users\206529964\.m2\repository\org\springframework\boot\spring-boot\1.5.3.RELEASE\spring-boot-1.5.3.RELEASE.jar;C:\Users\206529964\.m2\repository\org\springframework\boot\spring-boot-autoconfigure\1.5.3.RELEASE\spring-boot-autoconfigure-1.5.3.RELEASE.jar;C:\Users\206529964\.m2\repository\org\springframework\boot\spring-boot-starter-logging\1.5.3.RELEASE\spring-boot-starter-logging-1.5.3.RELEASE.jar;C:\Users\206529964\.m2\repository\ch\qos\logback\logback-classic\1.1.11\logback-classic-1.1.11.jar;C:\Users\206529964\.m2\repository\ch\qos\logback\logback-core\1.1.11\logback-core-1.1.11.jar;C:\Users\206529964\.m2\repository\org\slf4j\jul-to-slf4j\1.7.25\jul-to-slf4j-1.7.25.jar;C:\Users\206529964\.m2\repository\org\slf4j\log4j-over-slf4j\1.7.25\log4j-over-slf4j-1.7.25.jar;C:\Users\206529964\.m2\repository\org\yaml\snakeyaml\1.17\snakeyaml-1.17.jar;C:\Users\206529964\.m2\repository\org\springframework\boot\spring-boot-starter-tomcat\1.5.3.RELEASE\spring-boot-starter-tomcat-1.5.3.RELEASE.jar;C:\Users\206529964\.m2\repository\org\apache\tomcat\embed\tomcat-embed-core\8.5.14\tomcat-embed-core-8.5.14.jar;C:\Users\206529964\.m2\repository\org\apache\tomcat\embed\tomcat-embed-el\8.5.14\tomcat-embed-el-8.5.14.jar;C:\Users\206529964\.m2\repository\org\hibernate\hibernate-validator\5.3.5.Final\hibernate-validator-5.3.5.Final.jar;C:\Users\206529964\.m2\repository\javax\validation\validation-api\1.1.0.Final\validation-api-1.1.0.Final.jar;C:\Users\206529964\.m2\repository\org\jboss\logging\jboss-logging\3.3.1.Final\jboss-logging-3.3.1.Final.jar;C:\Users\206529964\.m2\repository\com\fasterxml\classmate\1.3.3\classmate-1.3.3.jar;C:\Users\206529964\.m2\repo
Launcher Type: SUN_STANDARD

Environment Variables:
PATH=C:\Program Files\Java\jdk1.8.0_131\jre\bin;C:\ProgramData\Oracle\Java\javapath;C:\Program Files (x86)\Java\jdk1.8.0_131\bin;C:\Windows\system32;C:\Windows;C:\Windows\System32\Wbem;C:\Windows\System32\WindowsPowerShell\v1.0\;C:\Program Files (x86)\Sennheiser\SoftphoneSDK\;C:\Program Files (x86)\QuickTime\QTSystem\;C:\NBCOPT\Software\putty\;C:\Program Files\Cloud Foundry;C:\NBCOPT\Software\Git\cmd;C:\Program Files\Microsoft SQL Server\130\Tools\Binn\;C:\Program Files\dotnet\;C:\NBCOPT\Software\Amazon\AWSCLI\;C:\NBCOPT\Software\Go\bin;C:\NBCOPT\Software\apache-maven-3.5.0-bin\apache-maven-3.5.0\bin;
USERNAME=206529964
OS=Windows_NT
PROCESSOR_IDENTIFIER=Intel64 Family 6 Model 61 Stepping 4, GenuineIntel



---------------  S Y S T E M  ---------------

OS: Windows 7 , 64 bit Build 7601 (6.1.7601.23677)

CPU:total 4 (initial active 4) (2 cores per cpu, 2 threads per core) family 6 model 61 stepping 4, cmov, cx8, fxsr, mmx, sse, sse2, sse3, ssse3, sse4.1, sse4.2, popcnt, avx, avx2, aes, clmul, erms, rtm, 3dnowpref, lzcnt, ht, tsc, tscinvbit, bmi1, bmi2, adx

Memory: 4k page, physical 8276732k(2724004k free), swap 16551604k(10424828k free)

vm_info: Java HotSpot(TM) 64-Bit Server VM (25.131-b11) for windows-amd64 JRE (1.8.0_131-b11), built on Mar 15 2017 01:23:53 by "java_re" with MS VC++ 10.0 (VS2010)

time: Fri May 05 08:59:22 2017
elapsed time: 4 seconds (0d 0h 0m 4s)

